Invalid HTTP_HOST header: 'ec2-18-220-190-202.us-east-2.compute.amazonaws.com:8000'. You may need to add 'ec2-18-220-190-202.us-east-2.compute.amazonaws.com' to ALLOWED_HOSTS.
[10/Aug/2017 13:19:07] "GET / HTTP/1.1" 400 61346
Invalid HTTP_HOST header: 'ec2-18-220-190-202.us-east-2.compute.amazonaws.com:8000'. You may need to add 'ec2-18-220-190-202.us-east-2.compute.amazonaws.com' to ALLOWED_HOSTS.
[10/Aug/2017 13:19:08] "GET /favicon.ico HTTP/1.1" 400 61330
Performing system checks...

System check identified no issues (0 silenced).
August 10, 2017 - 13:18:57
Django version 1.11.4, using settings 'cauadpr.settings'
Starting development server at http://0.0.0.0:8000/
Quit the server with CONTROL-C.
[10/Aug/2017 13:19:39] "GET / HTTP/1.1" 200 1013
Not Found: /favicon.ico
[10/Aug/2017 13:19:40] "GET /favicon.ico HTTP/1.1" 404 2470
Not Found: /favicon.ico
[10/Aug/2017 13:20:10] "GET /favicon.ico HTTP/1.1" 404 2470
[10/Aug/2017 13:20:18] "GET /admin HTTP/1.1" 301 0
[10/Aug/2017 13:20:18] "GET /admin/ HTTP/1.1" 302 0
[10/Aug/2017 13:20:18] "GET /admin/login/?next=/admin/ HTTP/1.1" 200 1650
[10/Aug/2017 13:20:19] "GET /static/admin/css/login.css HTTP/1.1" 200 1203
[10/Aug/2017 13:20:19] "GET /static/admin/css/base.css HTTP/1.1" 200 16066
[10/Aug/2017 13:20:20] "GET /static/admin/css/fonts.css HTTP/1.1" 200 423
[10/Aug/2017 13:20:20] "GET /static/admin/fonts/Roboto-Regular-webfont.woff HTTP/1.1" 200 80304
[10/Aug/2017 13:20:20] "GET /static/admin/fonts/Roboto-Light-webfont.woff HTTP/1.1" 200 81348
[10/Aug/2017 13:20:31] "POST /admin/login/?next=/admin/ HTTP/1.1" 302 0
[10/Aug/2017 13:20:31] "GET /admin/ HTTP/1.1" 200 7246
[10/Aug/2017 13:20:32] "GET /static/admin/css/dashboard.css HTTP/1.1" 200 412
[10/Aug/2017 13:20:32] "GET /static/admin/img/icon-addlink.svg HTTP/1.1" 200 331
[10/Aug/2017 13:20:32] "GET /static/admin/img/icon-changelink.svg HTTP/1.1" 200 380
[10/Aug/2017 13:20:32] "GET /static/admin/fonts/Roboto-Bold-webfont.woff HTTP/1.1" 200 82564
[10/Aug/2017 13:20:38] "GET /admin/vote/ad_video/ HTTP/1.1" 200 6269
[10/Aug/2017 13:20:38] "GET /static/admin/css/changelists.css HTTP/1.1" 200 6170
[10/Aug/2017 13:20:38] "GET /static/admin/js/core.js HTTP/1.1" 200 7976
[10/Aug/2017 13:20:38] "GET /admin/jsi18n/ HTTP/1.1" 200 3189
[10/Aug/2017 13:20:39] "GET /static/admin/js/jquery.init.js HTTP/1.1" 200 363
[10/Aug/2017 13:20:39] "GET /static/admin/js/admin/RelatedObjectLookups.js HTTP/1.1" 200 6591
[10/Aug/2017 13:20:39] "GET /static/admin/js/actions.js HTTP/1.1" 200 6501
[10/Aug/2017 13:20:39] "GET /static/admin/js/urlify.js HTTP/1.1" 200 8186
[10/Aug/2017 13:20:39] "GET /static/admin/js/vendor/xregexp/xregexp.js HTTP/1.1" 200 128820
[10/Aug/2017 13:20:39] "GET /static/admin/js/prepopulate.js HTTP/1.1" 200 1538
[10/Aug/2017 13:20:39] "GET /static/admin/js/vendor/jquery/jquery.js HTTP/1.1" 200 258648
[10/Aug/2017 13:20:40] "GET /static/admin/img/tooltag-add.svg HTTP/1.1" 200 331
[10/Aug/2017 13:20:48] "GET /video? HTTP/1.1" 301 0
[10/Aug/2017 13:20:49] "GET /video/ HTTP/1.1" 200 6086
[10/Aug/2017 13:22:03] "GET / HTTP/1.1" 200 1013
[10/Aug/2017 13:23:36] "GET /static/ HTTP/1.1" 404 1664
Performing system checks...

System check identified no issues (0 silenced).
August 10, 2017 - 13:19:38
Django version 1.11.4, using settings 'cauadpr.settings'
Starting development server at http://0.0.0.0:8000/
Quit the server with CONTROL-C.
Performing system checks...

System check identified no issues (0 silenced).
August 10, 2017 - 13:25:01
Django version 1.11.4, using settings 'cauadpr.settings'
Starting development server at http://0.0.0.0:8000/
Quit the server with CONTROL-C.
Performing system checks...

System check identified no issues (0 silenced).
August 10, 2017 - 13:25:38
Django version 1.11.4, using settings 'cauadpr.settings'
Starting development server at http://0.0.0.0:8000/
Quit the server with CONTROL-C.
[10/Aug/2017 13:28:54] "GET /static/indexlogo.png HTTP/1.1" 404 1794
Not Found: /
[10/Aug/2017 13:29:26] "GET / HTTP/1.1" 404 1974
Performing system checks...

System check identified no issues (0 silenced).
August 10, 2017 - 13:25:40
Django version 1.11.4, using settings 'cauadpr.settings'
Starting development server at http://0.0.0.0:8000/
Quit the server with CONTROL-C.
Performing system checks...

System check identified no issues (0 silenced).
August 10, 2017 - 13:29:41
Django version 1.11.4, using settings 'cauadpr.settings'
Starting development server at http://0.0.0.0:8000/
Quit the server with CONTROL-C.
Internal Server Error: /
Traceback (most recent call last):
  File "/home/ubuntu/.local/lib/python3.5/site-packages/django/template/base.py", line 507, in parse
    compile_func = self.tags[command]
KeyError: 'static'

During handling of the above exception, another exception occurred:

Traceback (most recent call last):
  File "/home/ubuntu/.local/lib/python3.5/site-packages/django/core/handlers/exception.py", line 41, in inner
    response = get_response(request)
  File "/home/ubuntu/.local/lib/python3.5/site-packages/django/core/handlers/base.py", line 187, in _get_response
    response = self.process_exception_by_middleware(e, request)
  File "/home/ubuntu/.local/lib/python3.5/site-packages/django/core/handlers/base.py", line 185, in _get_response
    response = wrapped_callback(request, *callback_args, **callback_kwargs)
  File "/home/ubuntu/cauadpr/vote/views.py", line 9, in index
    return render(request, 'vote/index.html')
  File "/home/ubuntu/.local/lib/python3.5/site-packages/django/shortcuts.py", line 30, in render
    content = loader.render_to_string(template_name, context, request, using=using)
  File "/home/ubuntu/.local/lib/python3.5/site-packages/django/template/loader.py", line 67, in render_to_string
    template = get_template(template_name, using=using)
  File "/home/ubuntu/.local/lib/python3.5/site-packages/django/template/loader.py", line 21, in get_template
    return engine.get_template(template_name)
  File "/home/ubuntu/.local/lib/python3.5/site-packages/django/template/backends/django.py", line 39, in get_template
    return Template(self.engine.get_template(template_name), self)
  File "/home/ubuntu/.local/lib/python3.5/site-packages/django/template/engine.py", line 162, in get_template
    template, origin = self.find_template(template_name)
  File "/home/ubuntu/.local/lib/python3.5/site-packages/django/template/engine.py", line 136, in find_template
    name, template_dirs=dirs, skip=skip,
  File "/home/ubuntu/.local/lib/python3.5/site-packages/django/template/loaders/base.py", line 44, in get_template
    contents, origin, origin.template_name, self.engine,
  File "/home/ubuntu/.local/lib/python3.5/site-packages/django/template/base.py", line 191, in __init__
    self.nodelist = self.compile_nodelist()
  File "/home/ubuntu/.local/lib/python3.5/site-packages/django/template/base.py", line 230, in compile_nodelist
    return parser.parse()
  File "/home/ubuntu/.local/lib/python3.5/site-packages/django/template/base.py", line 509, in parse
    self.invalid_block_tag(token, command, parse_until)
  File "/home/ubuntu/.local/lib/python3.5/site-packages/django/template/base.py", line 571, in invalid_block_tag
    "or load this tag?" % (token.lineno, command)
django.template.exceptions.TemplateSyntaxError: Invalid block tag on line 23: 'static'. Did you forget to register or load this tag?
[10/Aug/2017 13:30:10] "GET / HTTP/1.1" 500 123390
[10/Aug/2017 13:30:45] "GET / HTTP/1.1" 200 855
[10/Aug/2017 13:30:46] "GET /static/indexlogo.png HTTP/1.1" 404 1794
[10/Aug/2017 13:30:47] "GET /static/indexlogo.png HTTP/1.1" 404 1794
[10/Aug/2017 13:30:52] "GET /static/indexlogo.png HTTP/1.1" 404 1794
Performing system checks...

System check identified no issues (0 silenced).
August 10, 2017 - 13:30:07
Django version 1.11.4, using settings 'cauadpr.settings'
Starting development server at http://0.0.0.0:8000/
Quit the server with CONTROL-C.
Performing system checks...

System check identified no issues (0 silenced).
August 10, 2017 - 13:32:50
Django version 1.11.4, using settings 'cauadpr.settings'
Starting development server at http://0.0.0.0:8000/
Quit the server with CONTROL-C.
Performing system checks...

System check identified no issues (0 silenced).
August 10, 2017 - 13:32:56
Django version 1.11.4, using settings 'cauadpr.settings'
Starting development server at http://0.0.0.0:8000/
Quit the server with CONTROL-C.
[10/Aug/2017 13:33:35] "GET /static/indexlogo.pngasdfdsaff HTTP/1.1" 404 1821
Not Found: /asdadf
[10/Aug/2017 13:33:38] "GET /asdadf HTTP/1.1" 404 2583
[10/Aug/2017 13:33:48] "GET /static/indexlogo.png HTTP/1.1" 200 145496
[10/Aug/2017 13:33:51] "GET / HTTP/1.1" 200 855
Performing system checks...

System check identified no issues (0 silenced).
August 10, 2017 - 13:33:15
Django version 1.11.4, using settings 'cauadpr.settings'
Starting development server at http://0.0.0.0:8000/
Quit the server with CONTROL-C.
Performing system checks...

System check identified no issues (0 silenced).
August 10, 2017 - 13:34:22
Django version 1.11.4, using settings 'cauadpr.settings'
Starting development server at http://0.0.0.0:8000/
Quit the server with CONTROL-C.
Performing system checks...

System check identified no issues (0 silenced).
August 10, 2017 - 13:35:31
Django version 1.11.4, using settings 'cauadpr.settings'
Starting development server at http://0.0.0.0:8000/
Quit the server with CONTROL-C.
[10/Aug/2017 13:36:14] "GET /video/ HTTP/1.1" 200 6086
[10/Aug/2017 13:39:23] "GET /static/indexlogo.png HTTP/1.1" 304 0
