Invalid HTTP_HOST header: 'ec2-18-220-190-202.us-east-2.compute.amazonaws.com:8000'. You may need to add 'ec2-18-220-190-202.us-east-2.compute.amazonaws.com' to ALLOWED_HOSTS.
[10/Aug/2017 13:19:07] "GET / HTTP/1.1" 400 61346
Invalid HTTP_HOST header: 'ec2-18-220-190-202.us-east-2.compute.amazonaws.com:8000'. You may need to add 'ec2-18-220-190-202.us-east-2.compute.amazonaws.com' to ALLOWED_HOSTS.
[10/Aug/2017 13:19:08] "GET /favicon.ico HTTP/1.1" 400 61330
Performing system checks...

System check identified no issues (0 silenced).
August 10, 2017 - 13:18:57
Django version 1.11.4, using settings 'cauadpr.settings'
Starting development server at http://0.0.0.0:8000/
Quit the server with CONTROL-C.
[10/Aug/2017 13:19:39] "GET / HTTP/1.1" 200 1013
Not Found: /favicon.ico
[10/Aug/2017 13:19:40] "GET /favicon.ico HTTP/1.1" 404 2470
Not Found: /favicon.ico
[10/Aug/2017 13:20:10] "GET /favicon.ico HTTP/1.1" 404 2470
[10/Aug/2017 13:20:18] "GET /admin HTTP/1.1" 301 0
[10/Aug/2017 13:20:18] "GET /admin/ HTTP/1.1" 302 0
[10/Aug/2017 13:20:18] "GET /admin/login/?next=/admin/ HTTP/1.1" 200 1650
[10/Aug/2017 13:20:19] "GET /static/admin/css/login.css HTTP/1.1" 200 1203
[10/Aug/2017 13:20:19] "GET /static/admin/css/base.css HTTP/1.1" 200 16066
[10/Aug/2017 13:20:20] "GET /static/admin/css/fonts.css HTTP/1.1" 200 423
[10/Aug/2017 13:20:20] "GET /static/admin/fonts/Roboto-Regular-webfont.woff HTTP/1.1" 200 80304
[10/Aug/2017 13:20:20] "GET /static/admin/fonts/Roboto-Light-webfont.woff HTTP/1.1" 200 81348
[10/Aug/2017 13:20:31] "POST /admin/login/?next=/admin/ HTTP/1.1" 302 0
[10/Aug/2017 13:20:31] "GET /admin/ HTTP/1.1" 200 7246
[10/Aug/2017 13:20:32] "GET /static/admin/css/dashboard.css HTTP/1.1" 200 412
[10/Aug/2017 13:20:32] "GET /static/admin/img/icon-addlink.svg HTTP/1.1" 200 331
[10/Aug/2017 13:20:32] "GET /static/admin/img/icon-changelink.svg HTTP/1.1" 200 380
[10/Aug/2017 13:20:32] "GET /static/admin/fonts/Roboto-Bold-webfont.woff HTTP/1.1" 200 82564
[10/Aug/2017 13:20:38] "GET /admin/vote/ad_video/ HTTP/1.1" 200 6269
[10/Aug/2017 13:20:38] "GET /static/admin/css/changelists.css HTTP/1.1" 200 6170
[10/Aug/2017 13:20:38] "GET /static/admin/js/core.js HTTP/1.1" 200 7976
[10/Aug/2017 13:20:38] "GET /admin/jsi18n/ HTTP/1.1" 200 3189
[10/Aug/2017 13:20:39] "GET /static/admin/js/jquery.init.js HTTP/1.1" 200 363
[10/Aug/2017 13:20:39] "GET /static/admin/js/admin/RelatedObjectLookups.js HTTP/1.1" 200 6591
[10/Aug/2017 13:20:39] "GET /static/admin/js/actions.js HTTP/1.1" 200 6501
[10/Aug/2017 13:20:39] "GET /static/admin/js/urlify.js HTTP/1.1" 200 8186
[10/Aug/2017 13:20:39] "GET /static/admin/js/vendor/xregexp/xregexp.js HTTP/1.1" 200 128820
[10/Aug/2017 13:20:39] "GET /static/admin/js/prepopulate.js HTTP/1.1" 200 1538
[10/Aug/2017 13:20:39] "GET /static/admin/js/vendor/jquery/jquery.js HTTP/1.1" 200 258648
[10/Aug/2017 13:20:40] "GET /static/admin/img/tooltag-add.svg HTTP/1.1" 200 331
[10/Aug/2017 13:20:48] "GET /video? HTTP/1.1" 301 0
[10/Aug/2017 13:20:49] "GET /video/ HTTP/1.1" 200 6086
[10/Aug/2017 13:22:03] "GET / HTTP/1.1" 200 1013
[10/Aug/2017 13:23:36] "GET /static/ HTTP/1.1" 404 1664
Performing system checks...

System check identified no issues (0 silenced).
August 10, 2017 - 13:19:38
Django version 1.11.4, using settings 'cauadpr.settings'
Starting development server at http://0.0.0.0:8000/
Quit the server with CONTROL-C.
Performing system checks...

System check identified no issues (0 silenced).
August 10, 2017 - 13:25:01
Django version 1.11.4, using settings 'cauadpr.settings'
Starting development server at http://0.0.0.0:8000/
Quit the server with CONTROL-C.
Performing system checks...

System check identified no issues (0 silenced).
August 10, 2017 - 13:25:38
Django version 1.11.4, using settings 'cauadpr.settings'
Starting development server at http://0.0.0.0:8000/
Quit the server with CONTROL-C.
[10/Aug/2017 13:28:54] "GET /static/indexlogo.png HTTP/1.1" 404 1794
Not Found: /
[10/Aug/2017 13:29:26] "GET / HTTP/1.1" 404 1974
Performing system checks...

System check identified no issues (0 silenced).
August 10, 2017 - 13:25:40
Django version 1.11.4, using settings 'cauadpr.settings'
Starting development server at http://0.0.0.0:8000/
Quit the server with CONTROL-C.
Performing system checks...

System check identified no issues (0 silenced).
August 10, 2017 - 13:29:41
Django version 1.11.4, using settings 'cauadpr.settings'
Starting development server at http://0.0.0.0:8000/
Quit the server with CONTROL-C.
Internal Server Error: /
Traceback (most recent call last):
  File "/home/ubuntu/.local/lib/python3.5/site-packages/django/template/base.py", line 507, in parse
    compile_func = self.tags[command]
KeyError: 'static'

During handling of the above exception, another exception occurred:

Traceback (most recent call last):
  File "/home/ubuntu/.local/lib/python3.5/site-packages/django/core/handlers/exception.py", line 41, in inner
    response = get_response(request)
  File "/home/ubuntu/.local/lib/python3.5/site-packages/django/core/handlers/base.py", line 187, in _get_response
    response = self.process_exception_by_middleware(e, request)
  File "/home/ubuntu/.local/lib/python3.5/site-packages/django/core/handlers/base.py", line 185, in _get_response
    response = wrapped_callback(request, *callback_args, **callback_kwargs)
  File "/home/ubuntu/cauadpr/vote/views.py", line 9, in index
    return render(request, 'vote/index.html')
  File "/home/ubuntu/.local/lib/python3.5/site-packages/django/shortcuts.py", line 30, in render
    content = loader.render_to_string(template_name, context, request, using=using)
  File "/home/ubuntu/.local/lib/python3.5/site-packages/django/template/loader.py", line 67, in render_to_string
    template = get_template(template_name, using=using)
  File "/home/ubuntu/.local/lib/python3.5/site-packages/django/template/loader.py", line 21, in get_template
    return engine.get_template(template_name)
  File "/home/ubuntu/.local/lib/python3.5/site-packages/django/template/backends/django.py", line 39, in get_template
    return Template(self.engine.get_template(template_name), self)
  File "/home/ubuntu/.local/lib/python3.5/site-packages/django/template/engine.py", line 162, in get_template
    template, origin = self.find_template(template_name)
  File "/home/ubuntu/.local/lib/python3.5/site-packages/django/template/engine.py", line 136, in find_template
    name, template_dirs=dirs, skip=skip,
  File "/home/ubuntu/.local/lib/python3.5/site-packages/django/template/loaders/base.py", line 44, in get_template
    contents, origin, origin.template_name, self.engine,
  File "/home/ubuntu/.local/lib/python3.5/site-packages/django/template/base.py", line 191, in __init__
    self.nodelist = self.compile_nodelist()
  File "/home/ubuntu/.local/lib/python3.5/site-packages/django/template/base.py", line 230, in compile_nodelist
    return parser.parse()
  File "/home/ubuntu/.local/lib/python3.5/site-packages/django/template/base.py", line 509, in parse
    self.invalid_block_tag(token, command, parse_until)
  File "/home/ubuntu/.local/lib/python3.5/site-packages/django/template/base.py", line 571, in invalid_block_tag
    "or load this tag?" % (token.lineno, command)
django.template.exceptions.TemplateSyntaxError: Invalid block tag on line 23: 'static'. Did you forget to register or load this tag?
[10/Aug/2017 13:30:10] "GET / HTTP/1.1" 500 123390
[10/Aug/2017 13:30:45] "GET / HTTP/1.1" 200 855
[10/Aug/2017 13:30:46] "GET /static/indexlogo.png HTTP/1.1" 404 1794
[10/Aug/2017 13:30:47] "GET /static/indexlogo.png HTTP/1.1" 404 1794
[10/Aug/2017 13:30:52] "GET /static/indexlogo.png HTTP/1.1" 404 1794
Performing system checks...

System check identified no issues (0 silenced).
August 10, 2017 - 13:30:07
Django version 1.11.4, using settings 'cauadpr.settings'
Starting development server at http://0.0.0.0:8000/
Quit the server with CONTROL-C.
Performing system checks...

System check identified no issues (0 silenced).
August 10, 2017 - 13:32:50
Django version 1.11.4, using settings 'cauadpr.settings'
Starting development server at http://0.0.0.0:8000/
Quit the server with CONTROL-C.
Performing system checks...

System check identified no issues (0 silenced).
August 10, 2017 - 13:32:56
Django version 1.11.4, using settings 'cauadpr.settings'
Starting development server at http://0.0.0.0:8000/
Quit the server with CONTROL-C.
[10/Aug/2017 13:33:35] "GET /static/indexlogo.pngasdfdsaff HTTP/1.1" 404 1821
Not Found: /asdadf
[10/Aug/2017 13:33:38] "GET /asdadf HTTP/1.1" 404 2583
[10/Aug/2017 13:33:48] "GET /static/indexlogo.png HTTP/1.1" 200 145496
[10/Aug/2017 13:33:51] "GET / HTTP/1.1" 200 855
Performing system checks...

System check identified no issues (0 silenced).
August 10, 2017 - 13:33:15
Django version 1.11.4, using settings 'cauadpr.settings'
Starting development server at http://0.0.0.0:8000/
Quit the server with CONTROL-C.
Performing system checks...

System check identified no issues (0 silenced).
August 10, 2017 - 13:34:22
Django version 1.11.4, using settings 'cauadpr.settings'
Starting development server at http://0.0.0.0:8000/
Quit the server with CONTROL-C.
Performing system checks...

System check identified no issues (0 silenced).
August 10, 2017 - 13:35:31
Django version 1.11.4, using settings 'cauadpr.settings'
Starting development server at http://0.0.0.0:8000/
Quit the server with CONTROL-C.
[10/Aug/2017 13:36:14] "GET /video/ HTTP/1.1" 200 6086
[10/Aug/2017 13:39:23] "GET /static/indexlogo.png HTTP/1.1" 304 0
Traceback (most recent call last):
  File "manage.py", line 17, in <module>
    "Couldn't import Django. Are you sure it's installed and "
ImportError: Couldn't import Django. Are you sure it's installed and available on your PYTHONPATH environment variable? Did you forget to activate a virtual environment?
[11/Aug/2017 07:35:47] "GET / HTTP/1.1" 200 855
[11/Aug/2017 07:35:47] "GET /static/indexlogo.png HTTP/1.1" 304 0
[11/Aug/2017 07:35:51] "GET / HTTP/1.1" 200 855
[11/Aug/2017 07:35:53] "GET / HTTP/1.1" 200 855
[11/Aug/2017 07:35:54] "GET / HTTP/1.1" 200 855
[11/Aug/2017 07:35:54] "GET / HTTP/1.1" 200 855
[11/Aug/2017 07:35:54] "GET / HTTP/1.1" 200 855
[11/Aug/2017 07:36:17] "GET /video/ HTTP/1.1" 200 6086
[11/Aug/2017 07:37:53] "GET / HTTP/1.1" 200 855
[11/Aug/2017 07:39:36] "GET / HTTP/1.1" 200 855
[11/Aug/2017 09:41:34] "GET / HTTP/1.1" 200 855
[11/Aug/2017 09:41:41] "GET / HTTP/1.1" 200 855
[11/Aug/2017 09:41:48] "GET / HTTP/1.1" 200 855
[11/Aug/2017 09:41:50] "GET / HTTP/1.1" 200 855
[11/Aug/2017 09:41:51] "GET / HTTP/1.1" 200 855
[11/Aug/2017 09:41:53] "GET / HTTP/1.1" 200 855
[11/Aug/2017 09:41:54] "GET / HTTP/1.1" 200 855
[11/Aug/2017 09:41:56] "GET /video/ HTTP/1.1" 200 6086
[18/Aug/2017 19:27:11] "GET /video/ HTTP/1.1" 200 6948
[18/Aug/2017 19:29:02] "GET /video/ HTTP/1.1" 200 6959
[18/Aug/2017 19:29:34] "GET / HTTP/1.1" 200 742
[18/Aug/2017 19:29:34] "GET /static/indexlogo.png HTTP/1.1" 200 145496
Not Found: /favicon.ico
[18/Aug/2017 19:29:35] "GET /favicon.ico HTTP/1.1" 404 2915
[18/Aug/2017 19:29:36] "GET /video? HTTP/1.1" 301 0
[18/Aug/2017 19:29:36] "GET /video/ HTTP/1.1" 200 6959
[18/Aug/2017 19:32:23] "GET /video/ HTTP/1.1" 200 6957
[18/Aug/2017 19:32:30] "GET /video/ HTTP/1.1" 200 6957
[18/Aug/2017 19:33:41] "GET /video/ HTTP/1.1" 200 6959
[18/Aug/2017 19:33:48] "GET /video/ HTTP/1.1" 200 6959
[18/Aug/2017 19:34:42] "GET /video/ HTTP/1.1" 200 6959
[18/Aug/2017 19:35:36] "GET /video/ HTTP/1.1" 200 6959
[18/Aug/2017 19:36:20] "GET /video/ HTTP/1.1" 200 6959
[18/Aug/2017 19:40:12] "GET /video/ HTTP/1.1" 200 6960
[18/Aug/2017 19:41:24] "GET /video/ HTTP/1.1" 200 6958
[18/Aug/2017 19:44:07] "GET /video/ HTTP/1.1" 200 7058
[18/Aug/2017 19:47:26] "GET /video/ HTTP/1.1" 200 7060
[18/Aug/2017 19:48:29] "GET /video/ HTTP/1.1" 200 7059
[18/Aug/2017 19:50:06] "GET /video/ HTTP/1.1" 200 7059
[18/Aug/2017 19:51:08] "GET /video/ HTTP/1.1" 200 7061
[18/Aug/2017 19:51:55] "GET /video/ HTTP/1.1" 200 7061
[18/Aug/2017 19:52:44] "GET /video/ HTTP/1.1" 200 7060
[18/Aug/2017 19:54:39] "GET /video/ HTTP/1.1" 200 7210
[18/Aug/2017 19:57:22] "GET /video/ HTTP/1.1" 200 6179
[18/Aug/2017 19:57:54] "GET /admin HTTP/1.1" 301 0
[18/Aug/2017 19:57:55] "GET /admin/ HTTP/1.1" 200 7223
[18/Aug/2017 19:57:56] "GET /static/admin/css/base.css HTTP/1.1" 200 16066
[18/Aug/2017 19:57:56] "GET /static/admin/css/dashboard.css HTTP/1.1" 200 412
[18/Aug/2017 19:57:56] "GET /static/admin/css/fonts.css HTTP/1.1" 200 423
[18/Aug/2017 19:57:57] "GET /static/admin/img/icon-addlink.svg HTTP/1.1" 200 331
[18/Aug/2017 19:57:57] "GET /static/admin/img/icon-changelink.svg HTTP/1.1" 200 380
[18/Aug/2017 19:57:57] "GET /static/admin/fonts/Roboto-Light-webfont.woff HTTP/1.1" 200 81348
[18/Aug/2017 19:57:57] "GET /static/admin/fonts/Roboto-Regular-webfont.woff HTTP/1.1" 200 80304
[18/Aug/2017 19:57:57] "GET /static/admin/fonts/Roboto-Bold-webfont.woff HTTP/1.1" 200 82564
[18/Aug/2017 19:57:58] "GET /admin/vote/ad_video/ HTTP/1.1" 200 6325
[18/Aug/2017 19:57:59] "GET /static/admin/css/changelists.css HTTP/1.1" 200 6170
[18/Aug/2017 19:57:59] "GET /admin/jsi18n/ HTTP/1.1" 200 3189
[18/Aug/2017 19:57:59] "GET /static/admin/js/core.js HTTP/1.1" 200 7976
[18/Aug/2017 19:57:59] "GET /static/admin/js/jquery.init.js HTTP/1.1" 200 363
[18/Aug/2017 19:57:59] "GET /static/admin/js/admin/RelatedObjectLookups.js HTTP/1.1" 200 6591
[18/Aug/2017 19:57:59] "GET /static/admin/js/actions.js HTTP/1.1" 200 6501
[18/Aug/2017 19:57:59] "GET /static/admin/js/urlify.js HTTP/1.1" 200 8186
[18/Aug/2017 19:57:59] "GET /static/admin/js/vendor/jquery/jquery.js HTTP/1.1" 200 258648
[18/Aug/2017 19:57:59] "GET /static/admin/js/prepopulate.js HTTP/1.1" 200 1538
[18/Aug/2017 19:57:59] "GET /static/admin/js/vendor/xregexp/xregexp.js HTTP/1.1" 200 128820
[18/Aug/2017 19:58:00] "GET /static/admin/img/tooltag-add.svg HTTP/1.1" 200 331
[18/Aug/2017 19:58:01] "GET /admin/vote/ad_video/1/change/ HTTP/1.1" 200 5580
[18/Aug/2017 19:58:02] "GET /static/admin/css/forms.css HTTP/1.1" 200 8173
[18/Aug/2017 19:58:02] "GET /admin/jsi18n/ HTTP/1.1" 200 3189
[18/Aug/2017 19:58:02] "GET /static/admin/js/prepopulate_init.js HTTP/1.1" 200 495
[18/Aug/2017 19:58:02] "GET /static/admin/js/change_form.js HTTP/1.1" 200 712
[18/Aug/2017 19:58:02] "GET /static/admin/css/widgets.css HTTP/1.1" 200 10340
[18/Aug/2017 19:58:10] "POST /admin/vote/ad_video/1/change/ HTTP/1.1" 302 0
[18/Aug/2017 19:58:10] "GET /admin/vote/ad_video/ HTTP/1.1" 200 6530
[18/Aug/2017 19:58:11] "GET /admin/jsi18n/ HTTP/1.1" 200 3189
[18/Aug/2017 19:58:11] "GET /static/admin/img/icon-yes.svg HTTP/1.1" 200 436
[18/Aug/2017 19:58:22] "GET /admin/vote/ad_video/1/change/ HTTP/1.1" 200 5598
[18/Aug/2017 19:58:23] "GET /admin/jsi18n/ HTTP/1.1" 200 3189
[18/Aug/2017 19:58:28] "POST /admin/vote/ad_video/1/change/ HTTP/1.1" 302 0
[18/Aug/2017 19:58:29] "GET /admin/vote/ad_video/ HTTP/1.1" 200 6562
[18/Aug/2017 19:58:29] "GET /admin/jsi18n/ HTTP/1.1" 200 3189
[18/Aug/2017 20:01:22] "GET / HTTP/1.1" 200 742
[18/Aug/2017 20:01:24] "GET /video? HTTP/1.1" 301 0
[18/Aug/2017 20:01:24] "GET /video/ HTTP/1.1" 200 6204
[18/Aug/2017 20:03:51] "GET / HTTP/1.1" 200 777
[18/Aug/2017 20:05:41] "GET / HTTP/1.1" 200 813
[18/Aug/2017 20:05:56] "GET / HTTP/1.1" 200 813
[18/Aug/2017 20:05:57] "GET /static/indexlogo.png HTTP/1.1" 200 145496
Not Found: /favicon.ico
[18/Aug/2017 20:05:58] "GET /favicon.ico HTTP/1.1" 404 2915
[18/Aug/2017 20:05:59] "GET /video? HTTP/1.1" 301 0
[18/Aug/2017 20:06:00] "GET /video/ HTTP/1.1" 200 6204
[18/Aug/2017 20:24:58] "GET / HTTP/1.1" 200 813
[18/Aug/2017 20:25:00] "GET /video/ HTTP/1.1" 200 6204
[18/Aug/2017 20:25:08] "POST /video/ HTTP/1.1" 302 0
[18/Aug/2017 20:25:09] "GET /outdoor HTTP/1.1" 301 0
[18/Aug/2017 20:25:09] "GET /outdoor/ HTTP/1.1" 200 2077
[18/Aug/2017 20:25:11] "GET /static/outdoor.png HTTP/1.1" 404 1788
[18/Aug/2017 20:25:13] "GET /static/out_four.png HTTP/1.1" 200 1442199
[18/Aug/2017 20:25:13] "GET /static/out_one.png HTTP/1.1" 200 2675588
[18/Aug/2017 20:25:13] "GET /static/out_two.png HTTP/1.1" 200 1822445
[18/Aug/2017 20:25:13] "GET /static/out_three.png HTTP/1.1" 200 1881866
[18/Aug/2017 20:25:14] "GET /static/out_five.png HTTP/1.1" 200 2820037
[18/Aug/2017 20:25:28] "GET / HTTP/1.1" 200 813
Not Found: /favicon.ico
[18/Aug/2017 20:25:29] "GET /favicon.ico HTTP/1.1" 404 2915
[18/Aug/2017 20:25:30] "GET /video/ HTTP/1.1" 200 6204
[18/Aug/2017 20:25:33] "POST /video/ HTTP/1.1" 302 0
[18/Aug/2017 20:25:34] "GET /outdoor HTTP/1.1" 301 0
[18/Aug/2017 20:25:34] "GET /outdoor/ HTTP/1.1" 200 2077
[18/Aug/2017 20:25:36] "GET /static/outdoor.png HTTP/1.1" 404 1788
[18/Aug/2017 20:25:37] "GET /static/out_two.png HTTP/1.1" 200 1822445
[18/Aug/2017 20:25:37] "GET /static/out_four.png HTTP/1.1" 200 1442199
[18/Aug/2017 20:25:38] "GET /static/out_five.png HTTP/1.1" 200 2820037
[18/Aug/2017 20:25:38] "GET /static/out_one.png HTTP/1.1" 200 2675588
[18/Aug/2017 20:28:05] "GET /video/ HTTP/1.1" 200 6204
[18/Aug/2017 20:28:08] "POST /video/ HTTP/1.1" 302 0
[18/Aug/2017 20:28:08] "GET /outdoor HTTP/1.1" 301 0
[18/Aug/2017 20:28:09] "GET /outdoor/ HTTP/1.1" 200 2044
[18/Aug/2017 20:28:10] "GET /static/outdoor.png HTTP/1.1" 404 1788
[18/Aug/2017 20:28:17] "GET /static/out_three.png HTTP/1.1" 200 1881866
[18/Aug/2017 20:28:18] "GET /static/out_one.png HTTP/1.1" 200 2675588
[18/Aug/2017 20:28:18] "GET /static/out_five.png HTTP/1.1" 200 2820037
[18/Aug/2017 20:29:32] "GET /outdoor/ HTTP/1.1" 200 2076
[18/Aug/2017 20:29:32] "GET /static/outdoor.png HTTP/1.1" 404 1788
[18/Aug/2017 20:29:37] "GET /video/ HTTP/1.1" 200 6204
[18/Aug/2017 20:29:39] "POST /video/ HTTP/1.1" 302 0
[18/Aug/2017 20:29:40] "GET /outdoor HTTP/1.1" 301 0
[18/Aug/2017 20:29:41] "GET /outdoor/ HTTP/1.1" 200 2076
[18/Aug/2017 20:29:42] "GET /static/outdoor.png HTTP/1.1" 404 1788
[18/Aug/2017 20:29:46] "GET /static/out_one.png HTTP/1.1" 200 2675588
[18/Aug/2017 20:31:35] "GET /outdoor/ HTTP/1.1" 200 2093
[18/Aug/2017 20:31:35] "GET /static/outdoor.png HTTP/1.1" 404 1788
[18/Aug/2017 20:31:55] "GET /outdoor/ HTTP/1.1" 200 2093
[18/Aug/2017 20:31:55] "GET /static/outdoor.png HTTP/1.1" 404 1788
[18/Aug/2017 20:31:56] "GET /static/indexlogo.png HTTP/1.1" 200 145496
[18/Aug/2017 20:32:02] "GET /static/out_two.png HTTP/1.1" 200 1822445
[18/Aug/2017 20:32:54] "GET /outdoor/ HTTP/1.1" 200 1927
[18/Aug/2017 20:32:54] "GET /static/outdoor.png HTTP/1.1" 404 1788
[18/Aug/2017 20:33:04] "GET /outdoor/ HTTP/1.1" 200 1927
[18/Aug/2017 20:33:05] "GET /static/outdoor.png HTTP/1.1" 404 1788
[18/Aug/2017 20:33:07] "GET /static/out_four.png HTTP/1.1" 200 1442199
[18/Aug/2017 20:33:08] "GET /static/out_three.png HTTP/1.1" 200 1881866
[18/Aug/2017 20:33:09] "GET /static/out_one.png HTTP/1.1" 200 2675588
[18/Aug/2017 20:33:10] "GET /static/out_five.png HTTP/1.1" 200 2820037
Not Found: /favicon.ico
[18/Aug/2017 20:33:11] "GET /favicon.ico HTTP/1.1" 404 2915
[18/Aug/2017 20:35:26] "GET /outdoor/ HTTP/1.1" 200 2056
[18/Aug/2017 20:35:27] "GET /static/outdoor.png HTTP/1.1" 404 1788
[18/Aug/2017 20:35:34] "GET /outdoor/ HTTP/1.1" 200 2056
[18/Aug/2017 20:35:35] "GET /static/outdoor.png HTTP/1.1" 404 1788
[18/Aug/2017 20:35:37] "GET /outdoor/ HTTP/1.1" 200 2056
[18/Aug/2017 20:35:38] "GET /static/outdoor.png HTTP/1.1" 404 1788
[18/Aug/2017 20:35:52] "GET /video/ HTTP/1.1" 200 6204
[18/Aug/2017 20:35:58] "GET /outdoor/ HTTP/1.1" 200 2056
[18/Aug/2017 20:35:59] "GET /static/outdoor.png HTTP/1.1" 404 1788
[18/Aug/2017 20:39:00] "GET /outdoor/ HTTP/1.1" 200 2269
[18/Aug/2017 20:39:00] "GET /static/outdoor.png HTTP/1.1" 404 1788
[18/Aug/2017 20:39:23] "GET /video/ HTTP/1.1" 200 6204
[18/Aug/2017 20:44:04] "GET /outdoor/ HTTP/1.1" 200 2357
[18/Aug/2017 20:44:05] "GET /static/outdoor.png HTTP/1.1" 404 1788
[18/Aug/2017 20:44:28] "POST /outdoor/ HTTP/1.1" 302 0
[18/Aug/2017 20:44:29] "GET /entertainment HTTP/1.1" 301 0
[18/Aug/2017 20:44:29] "GET /entertainment/ HTTP/1.1" 200 2202
[18/Aug/2017 20:44:29] "GET /static/entertainment.png HTTP/1.1" 404 1806
[18/Aug/2017 20:44:31] "GET /static/ent_one.png HTTP/1.1" 200 1202996
[18/Aug/2017 20:44:31] "GET /static/ent_five.png HTTP/1.1" 200 1124239
[18/Aug/2017 20:44:31] "GET /static/ent_four.png HTTP/1.1" 200 1376280
[18/Aug/2017 20:44:32] "GET /static/ent_three.png HTTP/1.1" 200 1930121
[18/Aug/2017 20:44:33] "GET /static/ent_two.png HTTP/1.1" 200 2957555
[18/Aug/2017 20:45:01] "GET /entertainment/ HTTP/1.1" 200 2202
[18/Aug/2017 20:45:01] "GET /outdoor/ HTTP/1.1" 200 2357
[18/Aug/2017 20:45:02] "GET /static/outdoor.png HTTP/1.1" 404 1788
[18/Aug/2017 20:46:18] "GET / HTTP/1.1" 200 813
Traceback (most recent call last):
  File "/usr/lib/python3.5/socketserver.py", line 625, in process_request_thread
    self.finish_request(request, client_address)
  File "/usr/lib/python3.5/socketserver.py", line 354, in finish_request
    self.RequestHandlerClass(request, client_address, self)
  File "/usr/lib/python3.5/socketserver.py", line 681, in __init__
    self.handle()
  File "/home/ubuntu/.local/lib/python3.5/site-packages/django/core/servers/basehttp.py", line 140, in handle
    self.raw_requestline = self.rfile.readline(65537)
  File "/usr/lib/python3.5/socket.py", line 575, in readinto
    return self._sock.recv_into(b)
ConnectionResetError: [Errno 104] Connection reset by peer
Traceback (most recent call last):
  File "/usr/lib/python3.5/socketserver.py", line 625, in process_request_thread
    self.finish_request(request, client_address)
  File "/usr/lib/python3.5/socketserver.py", line 354, in finish_request
    self.RequestHandlerClass(request, client_address, self)
  File "/usr/lib/python3.5/socketserver.py", line 681, in __init__
    self.handle()
  File "/home/ubuntu/.local/lib/python3.5/site-packages/django/core/servers/basehttp.py", line 140, in handle
    self.raw_requestline = self.rfile.readline(65537)
  File "/usr/lib/python3.5/socket.py", line 575, in readinto
    return self._sock.recv_into(b)
ConnectionResetError: [Errno 104] Connection reset by peer
Traceback (most recent call last):
  File "/usr/lib/python3.5/socketserver.py", line 625, in process_request_thread
    self.finish_request(request, client_address)
  File "/usr/lib/python3.5/socketserver.py", line 354, in finish_request
    self.RequestHandlerClass(request, client_address, self)
  File "/usr/lib/python3.5/socketserver.py", line 681, in __init__
    self.handle()
  File "/home/ubuntu/.local/lib/python3.5/site-packages/django/core/servers/basehttp.py", line 140, in handle
    self.raw_requestline = self.rfile.readline(65537)
  File "/usr/lib/python3.5/socket.py", line 575, in readinto
    return self._sock.recv_into(b)
ConnectionResetError: [Errno 104] Connection reset by peer
Traceback (most recent call last):
  File "/usr/lib/python3.5/socketserver.py", line 625, in process_request_thread
    self.finish_request(request, client_address)
  File "/usr/lib/python3.5/socketserver.py", line 354, in finish_request
    self.RequestHandlerClass(request, client_address, self)
  File "/usr/lib/python3.5/socketserver.py", line 681, in __init__
    self.handle()
  File "/home/ubuntu/.local/lib/python3.5/site-packages/django/core/servers/basehttp.py", line 140, in handle
    self.raw_requestline = self.rfile.readline(65537)
  File "/usr/lib/python3.5/socket.py", line 575, in readinto
    return self._sock.recv_into(b)
ConnectionResetError: [Errno 104] Connection reset by peer
[18/Aug/2017 21:30:40] "GET /video/ HTTP/1.1" 200 6204
